<?xml version="1.0" encoding="UTF-8"?>
<!-- Generated by org.testng.reporters.JUnitReportReporter -->
<testsuite skipped="0" hostname="admin-HP" name="Practice.TestTestNG" tests="1" failures="0" timestamp="20 Sep 2017 11:46:24 GMT" time="0.042" errors="0">
  <testcase name="testTestNG" time="0.042" classname="Practice.TestTestNG"/>
</testsuite> <!-- Practice.TestTestNG -->
