<?xml version="1.0" encoding="UTF-8"?>
<!-- Generated by org.testng.reporters.JUnitReportReporter -->
<testsuite skipped="0" hostname="admin-HP" name="Practice.AllAnnotations" tests="2" failures="0" timestamp="26 May 2020 06:15:07 GMT" time="0.022" errors="0">
  <testcase name="test2" time="0.005" classname="Practice.AllAnnotations"/>
  <testcase name="test1" time="0.017" classname="Practice.AllAnnotations"/>
</testsuite> <!-- Practice.AllAnnotations -->
